Linker flags: -lC:\Program Files\Unity\Hub\Editor\2021.3.1f1\Editor\Data\PlaybackEngines\Switch\Native\develop_ltothin\libunityexternals.a -lC:\Users\admin\Faith & Shield_4044 Tower Defense\Temp\StagingArea\NativePlugins\lib_burst_generated.a -lC:\Users\admin\Faith & Shield_4044 Tower Defense\Temp\StagingArea\NativePlugins\NintendoSDKPlugin.a -flto=thin -n"C:\Users\admin\Faith & Shield_4044 Tower Defense\Application.aarch64.lp64.nmeta"
Linking with:
-nostartfiles
-Wl,--gc-sections
-Wl,-init=_init,-fini=_fini
-Wl,-z,combreloc,-z,relro,--enable-new-dtags
-Wl,-pie
-Wl,--build-id=uuid
-Wl,-u,malloc -Wl,-u,calloc -Wl,-u,realloc -Wl,-u,aligned_alloc -Wl,-u,free
-v
"-Wl,-T" "C:\Nintendo\Faith_and_Shield_4044\NintendoSDK\Resources\SpecFiles\Application.aarch64.lp64.ldscript"
-fuse-ld=lld.exe
-Wl,--export-dynamic
-Wl,--start-group 
"C:\Nintendo\Faith_and_Shield_4044\NintendoSDK\Libraries\NX-NXFP2-a64\Develop\rocrt.o" 
"C:\Nintendo\Faith_and_Shield_4044\NintendoSDK\Libraries\NX-NXFP2-a64\Develop\nnApplication.o" 
@"C:\Users\admin\AppData\Local\Temp\tmpDE1.tmp"
"C:\Program Files\Unity\Hub\Editor\2021.3.1f1\Editor\Data\PlaybackEngines\Switch\Native\develop\baselib.a"
"C:\Program Files\Unity\Hub\Editor\2021.3.1f1\Editor\Data\PlaybackEngines\Switch\Tools\../Native/Develop_ltothin/SwitchPlayer.a"
"C:\Nintendo\Faith_and_Shield_4044\NintendoSDK\Libraries\NX-NXFP2-a64\Develop\libnn_profiler.a" 
"C:\Nintendo\Faith_and_Shield_4044\NintendoSDK\Libraries\NX-NXFP2-a64\Develop\libnn_init_memory.a" 
"C:\Nintendo\Faith_and_Shield_4044\NintendoSDK\Libraries\NX-NXFP2-a64\Develop\libnn_gfx.a" 
"C:\Nintendo\Faith_and_Shield_4044\NintendoSDK\Libraries\NX-NXFP2-a64\Develop\libnn_mii_draw.a" 
"C:\Nintendo\Faith_and_Shield_4044\NintendoSDK\Libraries\NX-NXFP2-a64\Develop\libnn_gfx.a" 
"C:\Nintendo\Faith_and_Shield_4044\NintendoSDK\Libraries\NX-NXFP2-a64\Develop\libnn_mii_draw.a" 
"C:\Nintendo\Faith_and_Shield_4044\NintendoSDK\Libraries\NX-NXFP2-a64\Develop\libcurl.a" 
"C:\Nintendo\Faith_and_Shield_4044\NintendoSDK\Libraries\NX-NXFP2-a64\Develop\libz.a" 
"C:\Nintendo\Faith_and_Shield_4044\NintendoSDK\Libraries\NX-NXFP2-a64\Develop\llgd-target.nss" 
"C:\Program Files\Unity\Hub\Editor\2021.3.1f1\Editor\Data\PlaybackEngines\Switch\Native\develop_ltothin\libunityexternals.a"
"C:\Users\admin\Faith & Shield_4044 Tower Defense\Temp\StagingArea\NativePlugins\lib_burst_generated.a"
"C:\Users\admin\Faith & Shield_4044 Tower Defense\Temp\StagingArea\NativePlugins\NintendoSDKPlugin.a"
-flto=thin
-Wl,--end-group 
-Wl,--start-group 
"C:\Nintendo\Faith_and_Shield_4044\NintendoSDK\Libraries\NX-NXFP2-a64\Develop\multimedia.nss" 
"C:\Nintendo\Faith_and_Shield_4044\NintendoSDK\Libraries\NX-NXFP2-a64\Develop\nnSdk.nss" 
-Wl,--end-group 
C:\Nintendo\Faith_and_Shield_4044\NintendoSDK\Libraries\NX-NXFP2-a64\Develop\crtend.o
-o
"C:\Users\admin\Faith & Shield_4044 Tower Defense\SwitchIL2CPPCache\il2cpp_cache\linkresult_DFD12120559466A37F56E8012C2B99D4\SwitchPlayer.nss"
